<?xml version="1.0" encoding="UTF-8"?>
<!-- Generated by org.testng.reporters.JUnitXMLReporter -->
<testsuite ignored="0" hostname="DESKTOP-G5380CM" failures="0" tests="1" name="Test" time="0.125" errors="0" timestamp="2021-06-22T15:28:10 EDT">
  <testcase classname="com.selenium.sampleWorkFlow.SauceDemoTest" name="@BeforeTest setUp" time="0.091">
    <failure type="java.lang.NullPointerException">
      <![CDATA[java.lang.NullPointerException
at com.selenium.base.BasePage.browserSetUp(BasePage.java:36)
at com.selenium.sampleWorkFlow.SauceDemoTest.setUp(SauceDemoTest.java:38)
... Removed 24 stack frames]]>
    </failure>
  </testcase> <!-- @BeforeTest setUp -->
  <testcase classname="com.selenium.sampleWorkFlow.SauceDemoTest" name="@BeforeMethod excelSetUp" time="-1.624390090522E9">
    <skipped/>
  </testcase> <!-- @BeforeMethod excelSetUp -->
  <testcase classname="com.selenium.sampleWorkFlow.SauceDemoTest" name="@AfterTest endOfTest" time="-1.624390090527E9">
    <skipped/>
  </testcase> <!-- @AfterTest endOfTest -->
  <testcase classname="com.selenium.sampleWorkFlow.SauceDemoTest" name="sacuceTest" time="0.0">
    <skipped/>
  </testcase> <!-- sacuceTest -->
</testsuite> <!-- Test -->
